00:00:01.920228 VirtualBox GUI VM Selector Window 7.1.6 r167084 win.amd64 (Jan 21 2025 14:13:52) release log
00:00:01.920230 Log opened 2025-04-23T18:18:50.586264700Z
00:00:01.920231 Build Type: release
00:00:01.920237 OS Product: Windows 10
00:00:01.920238 OS Release: 10.0.19045
00:00:01.920239 OS Service Pack: 
00:00:01.939743 DMI Product Name: H81MLV3
00:00:01.945820 DMI Product Version: 5.0
00:00:01.945839 Firmware type: BIOS
00:00:01.945847 Host RAM: 12209MB (11.9GB) total, 4544MB (4.4GB) available
00:00:01.945854 Executable: C:\Program Files\Oracle\VirtualBox\VirtualBox.exe
00:00:01.945854 Process ID: 7740
00:00:01.945855 Package type: WINDOWS_64BITS_GENERIC
00:00:01.945855 Windows Features:
00:00:01.945856   Core Isolation (Memory Integrity): Not supported
00:00:01.946116 Qt version: 6.5.3
00:00:01.949324 GUI: UIMediumEnumerator: Initial medium-enumeration finished!
00:00:02.011346 GUI: UIMediumEnumerator: Medium-enumeration started...
00:00:03.554283 GUI: UIMediumEnumerator: Medium-enumeration finished!
00:51:12.409724 GUI: UICommon: Handling aboutToQuit request..
00:51:13.143882 GUI: UICommon: aboutToQuit request handled!
