00:00:00.009207 main     VirtualBox COM Server 7.1.6 r167084 win.amd64 (Jan 21 2025 14:13:52) release log
00:00:00.009216 main     Log opened 2025-04-23T18:18:49.402237500Z
00:00:00.009217 main     Build Type: release
00:00:00.009223 main     OS Product: Windows 10
00:00:00.009224 main     OS Release: 10.0.19045
00:00:00.009225 main     OS Service Pack: 
00:00:00.118320 main     DMI Product Name: H81MLV3
00:00:00.134005 main     DMI Product Version: 5.0
00:00:00.134018 main     Firmware type: BIOS
00:00:00.134025 main     Host RAM: 12209MB (11.9GB) total, 4583MB (4.4GB) available
00:00:00.134032 main     Executable: C:\Program Files\Oracle\VirtualBox\VBoxSVC.exe
00:00:00.134033 main     Process ID: 7864
00:00:00.134033 main     Package type: WINDOWS_64BITS_GENERIC
00:00:00.134767 main     Windows Features:
00:00:00.134772 main       Core Isolation (Memory Integrity): Not supported
00:00:00.243687          VirtualBox: object creation starts
00:00:00.246138          Home directory: 'C:\Users\Monique\.VirtualBox'
00:00:00.247646          Installed Drivers:
00:00:00.257006            C:\Windows\system32\DRIVERS\VBoxNetLwf.sys (Version: 7.1.6.17084)
00:00:00.259375            C:\Windows\System32\drivers\VBoxUSBMon.sys (Version: 7.1.6.17084)
00:00:00.536707            C:\Windows\System32\drivers\VBoxSup.sys (Version: 7.1.6.17084)
00:00:00.538463            C:\Windows\system32\DRIVERS\VBoxNetAdp6.sys (Version: 7.1.6.17084)
00:00:00.567111          Loading settings file "C:\Users\Monique\.VirtualBox\VirtualBox.xml" with version "1.12-windows"
00:00:00.577728          usbLibGetDevices: Starting USB device enumeration
00:00:00.717919          usbLibGetDevices: Found 4 USB devices, 0 captured
00:00:00.721201          USB: Unknown USB device detected (idVendor: 0x1d5c, idProduct: 0x2000)
00:00:00.930163          HostDnsMonitor: initializing
00:00:00.940494          HostDnsMonitor: updating information
00:00:00.941782          HostDnsMonitor: old information
00:00:00.941783            no server entries
00:00:00.941784            no domain set
00:00:00.941784            no search string entries
00:00:00.941784          HostDnsMonitor: new information
00:00:00.941785            server 1: 10.10.1.5
00:00:00.941785            server 2: 10.10.1.3
00:00:00.941786            domain: wagosltd.local
00:00:00.941786            no search string entries
00:00:00.963874          VD: VDInit finished with VINF_SUCCESS
00:00:00.980630          Platform architecture set to 'x86'
00:00:00.994832          Loading settings file "C:\Users\Monique\VirtualBox VMs\Odoo_Tests\Odoo_Tests.vbox" with version "1.19-windows"
00:00:01.000476          Platform architecture set to 'x86'
00:00:01.004288          VirtualBox: object created
00:00:01.238580          Saving settings file "C:\Users\Monique\.VirtualBox\VirtualBox.xml" with version "1.12-windows"
00:00:01.244593          Finished saving settings file "C:\Users\Monique\.VirtualBox\VirtualBox.xml"
00:00:01.244914          Saving settings file "C:\Users\Monique\.VirtualBox\VirtualBox.xml" with version "1.12-windows"
00:00:01.249925          Finished saving settings file "C:\Users\Monique\.VirtualBox\VirtualBox.xml"
00:00:01.250269          Saving settings file "C:\Users\Monique\.VirtualBox\VirtualBox.xml" with version "1.12-windows"
00:00:01.254454          Finished saving settings file "C:\Users\Monique\.VirtualBox\VirtualBox.xml"
00:00:02.876755          ERROR [COM]: aRC=VBOX_E_OBJECT_NOT_FOUND (0x80bb0001) aIID={5bfd8965-b81b-469f-8649-f717ce97a5d5} aComponent={NvramStoreWrap} aText={The UEFI NVRAM file is not existing for this machine}, preserve=false aResultDetail=0
00:00:03.098531          Saving settings file "C:\Users\Monique\.VirtualBox\VirtualBox.xml" with version "1.12-windows"
00:00:03.106621          Finished saving settings file "C:\Users\Monique\.VirtualBox\VirtualBox.xml"
00:00:03.131064          ERROR [COM]: aRC=VBOX_E_INVALID_VM_STATE (0x80bb0002) aIID={e36a5081-a82a-40bd-9e4e-42a44d6ce50f} aComponent={MachineWrap} aText={The machine is not mutable, saved or running (state is PoweredOff)}, preserve=false aResultDetail=0
00:01:16.549309 USBPROXY usbLibGetDevices: Starting USB device enumeration
00:01:16.683696 USBPROXY usbLibGetDevices: Found 4 USB devices, 0 captured
00:51:17.364296 main     VirtualBox: object deletion starts
00:51:17.365914 main     ERROR [COM]: aRC=VBOX_E_OBJECT_IN_USE (0x80bb000c) aIID={7d510820-a678-4730-a862-818dcd3fbed0} aComponent={MediumWrap} aText={Medium 'C:\Users\Monique\VirtualBox VMs\Odoo_Tests\Odoo_Tests.vdi' cannot be closed because it is still attached to 1 virtual machines}, preserve=false aResultDetail=0
00:51:17.376107 main     HostDnsMonitor: shutting down ...
00:51:17.376295 main     HostDnsMonitor: shut down
00:51:17.380738 Watcher  ERROR [COM]: aRC=E_ACCESSDENIED (0x80070005) aIID={d644ad1e-c501-4fc7-9ab6-aa6d763bc540} aComponent={VirtualBoxWrap} aText={The object is not ready}, preserve=false aResultDetail=0
00:51:17.382252 main     VirtualBox: object deleted
